<?xml version="1.0" encoding="UTF-8"?>
<testng-results skipped="0" failed="0" ignored="1" total="2" passed="1">
  <reporter-output>
  </reporter-output>
  <suite name="Default suite" duration-ms="3304" started-at="2021-11-09T11:59:36Z" finished-at="2021-11-09T11:59:39Z">
    <groups>
    </groups>
    <test name="Default test" duration-ms="3304" started-at="2021-11-09T11:59:36Z" finished-at="2021-11-09T11:59:39Z">
      <class name="day1.GithubExample">
        <test-method status="PASS" signature="addRepo()[pri:0, instance:day1.GithubExample@275710fc]" name="addRepo" duration-ms="3280" started-at="2021-11-09T11:59:36Z" description="Adding repositories" finished-at="2021-11-09T11:59:39Z">
          <reporter-output>
          </reporter-output>
        </test-method> <!-- addRepo -->
      </class> <!-- day1.GithubExample -->
    </test> <!-- Default test -->
  </suite> <!-- Default suite -->
</testng-results>
